{"name": "test_Search_without_providing_any_product", "status": "failed", "statusDetails": {"message": "AssertionError: assert False\n +  where False = <method-wrapper '__eq__' of str object at 0x00000262A63AE330>('There is no product that matches the search criteria.ABC')\n +    where <method-wrapper '__eq__' of str object at 0x00000262A63AE330> = 'There is no product that matches the search criteria.'.__eq__\n +      where 'There is no product that matches the search criteria.' = <bound method SearchPage.retrieve_no_product_message of <pageobjectmodule.Searchpage.SearchPage object at 0x00000262A6417E10>>()\n +        where <bound method SearchPage.retrieve_no_product_message of <pageobjectmodule.Searchpage.SearchPage object at 0x00000262A6417E10>> = <pageobjectmodule.Searchpage.SearchPage object at 0x00000262A6417E10>.retrieve_no_product_message", "trace": "self = <tests.test_search.TestSearch object at 0x00000262A63F2550>\n\n    def test_Search_without_providing_any_product(self):\n        home_page = HomePage(self.driver)\n        search_page = home_page.search_for_a_product(\"\")\n        # home_page.enter_product_into_search_box_filed(\"\")\n        # search_page = home_page.click_on_search_button()\n        expected_text = \"There is no product that matches the search criteria.ABC\"\n>       assert search_page.retrieve_no_product_message().__eq__(expected_text)\nE       AssertionError: assert False\nE        +  where False = <method-wrapper '__eq__' of str object at 0x00000262A63AE330>('There is no product that matches the search criteria.ABC')\nE        +    where <method-wrapper '__eq__' of str object at 0x00000262A63AE330> = 'There is no product that matches the search criteria.'.__eq__\nE        +      where 'There is no product that matches the search criteria.' = <bound method SearchPage.retrieve_no_product_message of <pageobjectmodule.Searchpage.SearchPage object at 0x00000262A6417E10>>()\nE        +        where <bound method SearchPage.retrieve_no_product_message of <pageobjectmodule.Searchpage.SearchPage object at 0x00000262A6417E10>> = <pageobjectmodule.Searchpage.SearchPage object at 0x00000262A6417E10>.retrieve_no_product_message\n\ntests\\test_search.py:33: AssertionError"}, "start": 1711026088886, "stop": 1711026089421, "uuid": "a1b6043e-aab4-48e7-b184-82a2fbd6b7d2", "historyId": "23b1e030507510e2f256e8d2b7add576", "testCaseId": "23b1e030507510e2f256e8d2b7add576", "fullName": "tests.test_search.TestSearch#test_Search_without_providing_any_product", "labels": [{"name": "tag", "value": "@pytest.mark.usefixtures('setup_and_teardown', 'log_on_failure')"}, {"name": "parentSuite", "value": "tests"}, {"name": "suite", "value": "test_search"}, {"name": "subSuite", "value": "TestSearch"}, {"name": "host", "value": "CTIVL0145"}, {"name": "thread", "value": "20048-MainThread"}, {"name": "framework", "value": "pytest"}, {"name": "language", "value": "cpython3"}, {"name": "package", "value": "tests.test_search"}]}