{
  "uid" : "eaa2e4a036ecae54",
  "name" : "test_Search_without_providing_any_product",
  "fullName" : "tests.test_search.TestSearch#test_Search_without_providing_any_product",
  "historyId" : "23b1e030507510e2f256e8d2b7add576",
  "time" : {
    "start" : 1710961343588,
    "stop" : 1710961344492,
    "duration" : 904
  },
  "status" : "failed",
  "statusMessage" : "AssertionError: assert False\n +  where False = <method-wrapper '__eq__' of str object at 0x000001D0DBAC14C0>('There is no product that matches the search criteria.ABC')\n +    where <method-wrapper '__eq__' of str object at 0x000001D0DBAC14C0> = 'There is no product that matches the search criteria.'.__eq__\n +      where 'There is no product that matches the search criteria.' = <bound method SearchPage.retrieve_no_product_message of <pageobjectmodule.Searchpage.SearchPage object at 0x000001D0DBAE9810>>()\n +        where <bound method SearchPage.retrieve_no_product_message of <pageobjectmodule.Searchpage.SearchPage object at 0x000001D0DBAE9810>> = <pageobjectmodule.Searchpage.SearchPage object at 0x000001D0DBAE9810>.retrieve_no_product_message",
  "statusTrace" : "self = <tests.test_search.TestSearch object at 0x000001D0C412CFD0>\n\n    def test_Search_without_providing_any_product(self):\n        home_page = HomePage(self.driver)\n        search_page = home_page.search_for_a_product(\"\")\n        # home_page.enter_product_into_search_box_filed(\"\")\n        # search_page = home_page.click_on_search_button()\n        expected_text = \"There is no product that matches the search criteria.ABC\"\n>       assert search_page.retrieve_no_product_message().__eq__(expected_text)\nE       AssertionError: assert False\nE        +  where False = <method-wrapper '__eq__' of str object at 0x000001D0DBAC14C0>('There is no product that matches the search criteria.ABC')\nE        +    where <method-wrapper '__eq__' of str object at 0x000001D0DBAC14C0> = 'There is no product that matches the search criteria.'.__eq__\nE        +      where 'There is no product that matches the search criteria.' = <bound method SearchPage.retrieve_no_product_message of <pageobjectmodule.Searchpage.SearchPage object at 0x000001D0DBAE9810>>()\nE        +        where <bound method SearchPage.retrieve_no_product_message of <pageobjectmodule.Searchpage.SearchPage object at 0x000001D0DBAE9810>> = <pageobjectmodule.Searchpage.SearchPage object at 0x000001D0DBAE9810>.retrieve_no_product_message\n\ntests\\test_search.py:33: AssertionError",
  "flaky" : false,
  "beforeStages" : [ {
    "name" : "setup_and_teardown",
    "time" : {
      "start" : 1710961335108,
      "stop" : 1710961343586,
      "duration" : 8478
    },
    "status" : "passed",
    "steps" : [ ],
    "attachments" : [ ],
    "parameters" : [ ],
    "attachmentsCount" : 0,
    "shouldDisplayMessage" : false,
    "hasContent" : false,
    "stepsCount" : 0
  }, {
    "name" : "log_on_failure",
    "time" : {
      "start" : 1710961343586,
      "stop" : 1710961343586,
      "duration" : 0
    },
    "status" : "passed",
    "steps" : [ ],
    "attachments" : [ ],
    "parameters" : [ ],
    "attachmentsCount" : 0,
    "shouldDisplayMessage" : false,
    "hasContent" : false,
    "stepsCount" : 0
  } ],
  "afterStages" : [ {
    "name" : "setup_and_teardown::0",
    "time" : {
      "start" : 1710961344657,
      "stop" : 1710961347005,
      "duration" : 2348
    },
    "status" : "passed",
    "steps" : [ ],
    "attachments" : [ ],
    "parameters" : [ ],
    "attachmentsCount" : 0,
    "shouldDisplayMessage" : false,
    "hasContent" : false,
    "stepsCount" : 0
  }, {
    "name" : "log_on_failure::0",
    "time" : {
      "start" : 1710961344501,
      "stop" : 1710961344654,
      "duration" : 153
    },
    "status" : "passed",
    "steps" : [ ],
    "attachments" : [ {
      "uid" : "86d0f772dbc7e80b",
      "name" : "failed_test",
      "source" : "86d0f772dbc7e80b.png",
      "type" : "image/png",
      "size" : 92177
    } ],
    "parameters" : [ ],
    "attachmentsCount" : 1,
    "shouldDisplayMessage" : false,
    "hasContent" : true,
    "stepsCount" : 0
  } ],
  "labels" : [ {
    "name" : "tag",
    "value" : "@pytest.mark.usefixtures('setup_and_teardown', 'log_on_failure')"
  }, {
    "name" : "parentSuite",
    "value" : "tests"
  }, {
    "name" : "suite",
    "value" : "test_search"
  }, {
    "name" : "subSuite",
    "value" : "TestSearch"
  }, {
    "name" : "host",
    "value" : "CTIVL0145"
  }, {
    "name" : "thread",
    "value" : "9572-MainThread"
  }, {
    "name" : "framework",
    "value" : "pytest"
  }, {
    "name" : "language",
    "value" : "cpython3"
  }, {
    "name" : "package",
    "value" : "tests.test_search"
  }, {
    "name" : "resultFormat",
    "value" : "allure2"
  } ],
  "parameters" : [ ],
  "links" : [ ],
  "hidden" : true,
  "retry" : true,
  "extra" : {
    "categories" : [ ],
    "tags" : [ "@pytest.mark.usefixtures('setup_and_teardown', 'log_on_failure')" ]
  },
  "source" : "eaa2e4a036ecae54.json",
  "parameterValues" : [ ]
}